<?xml version="1.0" encoding="UTF-8"?>
<testsuite xmlns:xsi="http://www.w3.org/2001/XMLSchema-instance" xsi:noNamespaceSchemaLocation="https://maven.apache.org/surefire/maven-surefire-plugin/xsd/surefire-test-report-3.0.xsd" version="3.0" name="TestSuite" time="251.877" tests="12" errors="0" skipped="0" failures="0">
  <properties>
[...]
</properties>
  <testcase name="runScenario[&quot;To verify the contact us form&quot;, &quot;Optional[Testing Contact Us Form feature]&quot;](1)" classname="BDDAutomationExerciseStep.Runner" time="19.557">
    <system-err><![CDATA[SLF4J: No SLF4J providers were found.
SLF4J: Defaulting to no-operation (NOP) logger implementation
SLF4J: See https://www.slf4j.org/codes.html#noProviders for further details.
Starting ChromeDriver 110.0.5481.77 (65ed616c6e8ee3fe0ad64fe83796c020644d42af-refs/branch-heads/5481@{#839}) on port 55789
Only local connections are allowed.
Please see https://chromedriver.chromium.org/security-considerations for suggestions on keeping ChromeDriver safe.
ChromeDriver was started successfully.
[1678193692.456][WARNING]: virtual void DevToolsClientImpl::AddListener(DevToolsEventListener *) subscribing a listener to the already connected DevToolsClient. Connection notification will not arrive.
mars 07, 2023 1:54:52 PM org.openqa.selenium.remote.ProtocolHandshake createSession
INFO: Detected dialect: W3C
mars 07, 2023 1:54:52 PM org.openqa.selenium.devtools.CdpVersionFinder findNearestMatch
WARNING: Unable to find an exact match for CDP version 110, so returning the closest version found: a no-op implementation
mars 07, 2023 1:54:52 PM org.openqa.selenium.devtools.CdpVersionFinder findNearestMatch
INFO: Unable to find CDP implementation matching 110.
mars 07, 2023 1:54:52 PM org.openqa.selenium.chromium.ChromiumDriver lambda$new$3
WARNING: Unable to find version of CDP to use for . You may need to include a dependency on a specific version of the CDP using something similar to `org.seleniumhq.selenium:selenium-devtools-v86:4.0.0` where the version ("v86") matches the version of the chromium-based browser you're using and the version number of the artifact is the same as Selenium's.
]]></system-err>
  </testcase>
  <testcase name="runScenario[&quot;To verify the contact us form&quot;, &quot;Optional[Testing Contact Us Form feature]&quot;](2)" classname="BDDAutomationExerciseStep.Runner" time="31.169">
    <system-err><![CDATA[1678193709502	geckodriver	INFO	Listening on 127.0.0.1:57555
1678193709534	mozrunner::runner	INFO	Running command: "C:\\Program Files\\Mozilla Firefox\\firefox.exe" "--marionette" "--remote-debugging-port" "56529" "--remote-allow-hosts" "localhost" "-no-remote" "-profile" "C:\\Users\\moham\\AppData\\Local\\Temp\\rust_mozprofilevwykxy"
console.warn: services.settings: Ignoring preference override of remote settings server
console.warn: services.settings: Allow by setting MOZ_REMOTE_SETTINGS_DEVTOOLS=1 in the environment
1678193709985	Marionette	INFO	Marionette enabled
Dynamically enable window occlusion 0
1678193709989	Marionette	INFO	Listening on port 54396
Read port: 54396
WebDriver BiDi listening on ws://127.0.0.1:56529
1678193710142	RemoteAgent	WARN	TLS certificate errors will be ignored for this session
console.warn: SearchSettings: "get: No settings file exists, new profile?" (new NotFoundError("Could not open the file at C:\\Users\\moham\\AppData\\Local\\Temp\\rust_mozprofilevwykxy\\search.json.mozlz4", (void 0)))
DevTools listening on ws://127.0.0.1:56529/devtools/browser/2ef5beda-c09f-4a14-b9e8-153cb0145397
mars 07, 2023 1:55:11 PM org.openqa.selenium.remote.ProtocolHandshake createSession
INFO: Detected dialect: W3C
JavaScript warning: https://automationexercise.com/static/js/jquery.js, line 2: Using //@ to indicate sourceMappingURL pragmas is deprecated. Use //# instead
JavaScript warning: https://automationexercise.com/static/js/jquery.js, line 2: Using //@ to indicate sourceMappingURL pragmas is deprecated. Use //# instead
console.warn: LoginRecipes: "Falling back to a synchronous message for: https://automationexercise.com."
JavaScript warning: https://automationexercise.com/static/js/jquery.js, line 2: Using //@ to indicate sourceMappingURL pragmas is deprecated. Use //# instead
JavaScript warning: https://automationexercise.com/static/js/jquery.js, line 2: Using //@ to indicate sourceMappingURL pragmas is deprecated. Use //# instead
]]></system-err>
  </testcase>
  <testcase name="runScenario[&quot;To verify Login functionality with valid credentials&quot;, &quot;Optional[Testing Login Functionality]&quot;](3)" classname="BDDAutomationExerciseStep.Runner" time="17.719">
    <system-err><![CDATA[Starting ChromeDriver 110.0.5481.77 (65ed616c6e8ee3fe0ad64fe83796c020644d42af-refs/branch-heads/5481@{#839}) on port 62875
Only local connections are allowed.
Please see https://chromedriver.chromium.org/security-considerations for suggestions on keeping ChromeDriver safe.
ChromeDriver was started successfully.
[1678193741.232][WARNING]: virtual void DevToolsClientImpl::AddListener(DevToolsEventListener *) subscribing a listener to the already connected DevToolsClient. Connection notification will not arrive.
mars 07, 2023 1:55:41 PM org.openqa.selenium.remote.ProtocolHandshake createSession
INFO: Detected dialect: W3C
mars 07, 2023 1:55:41 PM org.openqa.selenium.devtools.CdpVersionFinder findNearestMatch
WARNING: Unable to find an exact match for CDP version 110, so returning the closest version found: a no-op implementation
mars 07, 2023 1:55:41 PM org.openqa.selenium.devtools.CdpVersionFinder findNearestMatch
INFO: Unable to find CDP implementation matching 110.
mars 07, 2023 1:55:41 PM org.openqa.selenium.chromium.ChromiumDriver lambda$new$3
WARNING: Unable to find version of CDP to use for . You may need to include a dependency on a specific version of the CDP using something similar to `org.seleniumhq.selenium:selenium-devtools-v86:4.0.0` where the version ("v86") matches the version of the chromium-based browser you're using and the version number of the artifact is the same as Selenium's.
mars 07, 2023 1:55:57 PM BDDAutomationExercisePage.Header <init>
INFO: A Header of connected user is instanciated
]]></system-err>
  </testcase>
  <testcase name="runScenario[&quot;To verify Login functionality with valid credentials&quot;, &quot;Optional[Testing Login Functionality]&quot;](4)" classname="BDDAutomationExerciseStep.Runner" time="19.842">
    <system-err><![CDATA[1678193758345	geckodriver	INFO	Listening on 127.0.0.1:55740
1678193758386	mozrunner::runner	INFO	Running command: "C:\\Program Files\\Mozilla Firefox\\firefox.exe" "--marionette" "--remote-debugging-port" "59618" "--remote-allow-hosts" "localhost" "-no-remote" "-profile" "C:\\Users\\moham\\AppData\\Local\\Temp\\rust_mozprofile6wuiac"
console.warn: services.settings: Ignoring preference override of remote settings server
console.warn: services.settings: Allow by setting MOZ_REMOTE_SETTINGS_DEVTOOLS=1 in the environment
1678193758787	Marionette	INFO	Marionette enabled
Dynamically enable window occlusion 0
1678193758792	Marionette	INFO	Listening on port 54477
Read port: 54477
WebDriver BiDi listening on ws://127.0.0.1:59618
1678193758950	RemoteAgent	WARN	TLS certificate errors will be ignored for this session
console.warn: SearchSettings: "get: No settings file exists, new profile?" (new NotFoundError("Could not open the file at C:\\Users\\moham\\AppData\\Local\\Temp\\rust_mozprofile6wuiac\\search.json.mozlz4", (void 0)))
DevTools listening on ws://127.0.0.1:59618/devtools/browser/4e3e5bad-1ce6-4e3c-9ff6-f8107f255c65
mars 07, 2023 1:56:00 PM org.openqa.selenium.remote.ProtocolHandshake createSession
INFO: Detected dialect: W3C
JavaScript warning: https://automationexercise.com/static/js/jquery.js, line 2: Using //@ to indicate sourceMappingURL pragmas is deprecated. Use //# instead
JavaScript warning: https://automationexercise.com/static/js/jquery.js, line 2: Using //@ to indicate sourceMappingURL pragmas is deprecated. Use //# instead
console.warn: LoginRecipes: "Falling back to a synchronous message for: https://automationexercise.com."
console.warn: LoginRecipes: "Falling back to a synchronous message for: https://automationexercise.com."
JavaScript warning: https://automationexercise.com/static/js/jquery.js, line 2: Using //@ to indicate sourceMappingURL pragmas is deprecated. Use //# instead
mars 07, 2023 1:56:17 PM BDDAutomationExercisePage.Header <init>
INFO: A Header of connected user is instanciated
]]></system-err>
  </testcase>
  <testcase name="runScenario[&quot;To verify Login functionality with invalid credentials&quot;, &quot;Optional[Login With Invalid Credentials functionality]&quot;](5)" classname="BDDAutomationExerciseStep.Runner" time="17.659">
    <system-err><![CDATA[Starting ChromeDriver 110.0.5481.77 (65ed616c6e8ee3fe0ad64fe83796c020644d42af-refs/branch-heads/5481@{#839}) on port 55743
Only local connections are allowed.
Please see https://chromedriver.chromium.org/security-considerations for suggestions on keeping ChromeDriver safe.
ChromeDriver was started successfully.
[1678193778.886][WARNING]: virtual void DevToolsClientImpl::AddListener(DevToolsEventListener *) subscribing a listener to the already connected DevToolsClient. Connection notification will not arrive.
mars 07, 2023 1:56:18 PM org.openqa.selenium.remote.ProtocolHandshake createSession
INFO: Detected dialect: W3C
mars 07, 2023 1:56:18 PM org.openqa.selenium.devtools.CdpVersionFinder findNearestMatch
WARNING: Unable to find an exact match for CDP version 110, so returning the closest version found: a no-op implementation
mars 07, 2023 1:56:18 PM org.openqa.selenium.devtools.CdpVersionFinder findNearestMatch
INFO: Unable to find CDP implementation matching 110.
mars 07, 2023 1:56:18 PM org.openqa.selenium.chromium.ChromiumDriver lambda$new$3
WARNING: Unable to find version of CDP to use for . You may need to include a dependency on a specific version of the CDP using something similar to `org.seleniumhq.selenium:selenium-devtools-v86:4.0.0` where the version ("v86") matches the version of the chromium-based browser you're using and the version number of the artifact is the same as Selenium's.
]]></system-err>
  </testcase>
  <testcase name="runScenario[&quot;To verify Login functionality with invalid credentials&quot;, &quot;Optional[Login With Invalid Credentials functionality]&quot;](6)" classname="BDDAutomationExerciseStep.Runner" time="8.486">
    <system-err><![CDATA[1678193795845	geckodriver	INFO	Listening on 127.0.0.1:51280
1678193795877	mozrunner::runner	INFO	Running command: "C:\\Program Files\\Mozilla Firefox\\firefox.exe" "--marionette" "--remote-debugging-port" "62204" "--remote-allow-hosts" "localhost" "-no-remote" "-profile" "C:\\Users\\moham\\AppData\\Local\\Temp\\rust_mozprofileJ0poI1"
console.warn: services.settings: Ignoring preference override of remote settings server
console.warn: services.settings: Allow by setting MOZ_REMOTE_SETTINGS_DEVTOOLS=1 in the environment
1678193796277	Marionette	INFO	Marionette enabled
Dynamically enable window occlusion 0
1678193796282	Marionette	INFO	Listening on port 54546
Read port: 54546
WebDriver BiDi listening on ws://127.0.0.1:62204
1678193796411	RemoteAgent	WARN	TLS certificate errors will be ignored for this session
console.warn: SearchSettings: "get: No settings file exists, new profile?" (new NotFoundError("Could not open the file at C:\\Users\\moham\\AppData\\Local\\Temp\\rust_mozprofileJ0poI1\\search.json.mozlz4", (void 0)))
DevTools listening on ws://127.0.0.1:62204/devtools/browser/7eacac03-1304-4222-aa1e-ab4bccbbd6a5
mars 07, 2023 1:56:37 PM org.openqa.selenium.remote.ProtocolHandshake createSession
INFO: Detected dialect: W3C
JavaScript warning: https://automationexercise.com/static/js/jquery.js, line 2: Using //@ to indicate sourceMappingURL pragmas is deprecated. Use //# instead
JavaScript warning: https://automationexercise.com/static/js/jquery.js, line 2: Using //@ to indicate sourceMappingURL pragmas is deprecated. Use //# instead
console.warn: LoginRecipes: "Falling back to a synchronous message for: https://automationexercise.com."
console.warn: LoginRecipes: "Falling back to a synchronous message for: https://automationexercise.com."
JavaScript warning: https://automationexercise.com/static/js/jquery.js, line 2: Using //@ to indicate sourceMappingURL pragmas is deprecated. Use //# instead
]]></system-err>
  </testcase>
  <testcase name="runScenario[&quot;To verify that user is registred&quot;, &quot;Optional[Registration user feature]&quot;](7)" classname="BDDAutomationExerciseStep.Runner" time="32.475">
    <system-err><![CDATA[Starting ChromeDriver 110.0.5481.77 (65ed616c6e8ee3fe0ad64fe83796c020644d42af-refs/branch-heads/5481@{#839}) on port 50195
Only local connections are allowed.
Please see https://chromedriver.chromium.org/security-considerations for suggestions on keeping ChromeDriver safe.
ChromeDriver was started successfully.
[1678193805.110][WARNING]: virtual void DevToolsClientImpl::AddListener(DevToolsEventListener *) subscribing a listener to the already connected DevToolsClient. Connection notification will not arrive.
mars 07, 2023 1:56:45 PM org.openqa.selenium.remote.ProtocolHandshake createSession
INFO: Detected dialect: W3C
mars 07, 2023 1:56:45 PM org.openqa.selenium.devtools.CdpVersionFinder findNearestMatch
WARNING: Unable to find an exact match for CDP version 110, so returning the closest version found: a no-op implementation
mars 07, 2023 1:56:45 PM org.openqa.selenium.devtools.CdpVersionFinder findNearestMatch
INFO: Unable to find CDP implementation matching 110.
mars 07, 2023 1:56:45 PM org.openqa.selenium.chromium.ChromiumDriver lambda$new$3
WARNING: Unable to find version of CDP to use for . You may need to include a dependency on a specific version of the CDP using something similar to `org.seleniumhq.selenium:selenium-devtools-v86:4.0.0` where the version ("v86") matches the version of the chromium-based browser you're using and the version number of the artifact is the same as Selenium's.
mars 07, 2023 1:57:03 PM BDDAutomationExercisePage.Header <init>
INFO: A Header of connected user is instanciated
]]></system-err>
  </testcase>
  <testcase name="runScenario[&quot;To verify that user is registred&quot;, &quot;Optional[Registration user feature]&quot;](8)" classname="BDDAutomationExerciseStep.Runner" time="29.111">
    <system-err><![CDATA[1678193836816	geckodriver	INFO	Listening on 127.0.0.1:61185
1678193836847	mozrunner::runner	INFO	Running command: "C:\\Program Files\\Mozilla Firefox\\firefox.exe" "--marionette" "--remote-debugging-port" "55331" "--remote-allow-hosts" "localhost" "-no-remote" "-profile" "C:\\Users\\moham\\AppData\\Local\\Temp\\rust_mozprofilejEs0XF"
console.warn: services.settings: Ignoring preference override of remote settings server
console.warn: services.settings: Allow by setting MOZ_REMOTE_SETTINGS_DEVTOOLS=1 in the environment
1678193837235	Marionette	INFO	Marionette enabled
Dynamically enable window occlusion 0
1678193837240	Marionette	INFO	Listening on port 54617
Read port: 54617
WebDriver BiDi listening on ws://127.0.0.1:55331
1678193837364	RemoteAgent	WARN	TLS certificate errors will be ignored for this session
console.warn: SearchSettings: "get: No settings file exists, new profile?" (new NotFoundError("Could not open the file at C:\\Users\\moham\\AppData\\Local\\Temp\\rust_mozprofilejEs0XF\\search.json.mozlz4", (void 0)))
DevTools listening on ws://127.0.0.1:55331/devtools/browser/39b557fb-9581-490e-b2da-6fbc80149eb8
mars 07, 2023 1:57:19 PM org.openqa.selenium.remote.ProtocolHandshake createSession
INFO: Detected dialect: W3C
JavaScript warning: https://automationexercise.com/static/js/jquery.js, line 2: Using //@ to indicate sourceMappingURL pragmas is deprecated. Use //# instead
JavaScript warning: https://automationexercise.com/static/js/jquery.js, line 2: Using //@ to indicate sourceMappingURL pragmas is deprecated. Use //# instead
console.warn: LoginRecipes: "Falling back to a synchronous message for: https://automationexercise.com."
console.warn: LoginRecipes: "Falling back to a synchronous message for: https://automationexercise.com."
console.warn: LoginRecipes: "Falling back to a synchronous message for: https://automationexercise.com."
console.warn: LoginRecipes: "Falling back to a synchronous message for: https://automationexercise.com."
JavaScript warning: https://automationexercise.com/static/js/jquery.js, line 2: Using //@ to indicate sourceMappingURL pragmas is deprecated. Use //# instead
console.warn: LoginRecipes: "Falling back to a synchronous message for: https://automationexercise.com."
console.warn: LoginRecipes: "Falling back to a synchronous message for: https://automationexercise.com."
JavaScript warning: https://automationexercise.com/static/js/jquery.js, line 2: Using //@ to indicate sourceMappingURL pragmas is deprecated. Use //# instead
mars 07, 2023 1:57:34 PM BDDAutomationExercisePage.Header <init>
INFO: A Header of connected user is instanciated
]]></system-err>
  </testcase>
  <testcase name="runScenario[&quot;To verify that we cannot register with an existing email&quot;, &quot;Optional[Register User with existing email functionality]&quot;](9)" classname="BDDAutomationExerciseStep.Runner" time="8.127">
    <system-err><![CDATA[Starting ChromeDriver 110.0.5481.77 (65ed616c6e8ee3fe0ad64fe83796c020644d42af-refs/branch-heads/5481@{#839}) on port 55988
Only local connections are allowed.
Please see https://chromedriver.chromium.org/security-considerations for suggestions on keeping ChromeDriver safe.
ChromeDriver was started successfully.
[1678193866.587][WARNING]: virtual void DevToolsClientImpl::AddListener(DevToolsEventListener *) subscribing a listener to the already connected DevToolsClient. Connection notification will not arrive.
mars 07, 2023 1:57:46 PM org.openqa.selenium.remote.ProtocolHandshake createSession
INFO: Detected dialect: W3C
mars 07, 2023 1:57:46 PM org.openqa.selenium.devtools.CdpVersionFinder findNearestMatch
WARNING: Unable to find an exact match for CDP version 110, so returning the closest version found: a no-op implementation
mars 07, 2023 1:57:46 PM org.openqa.selenium.devtools.CdpVersionFinder findNearestMatch
INFO: Unable to find CDP implementation matching 110.
mars 07, 2023 1:57:46 PM org.openqa.selenium.chromium.ChromiumDriver lambda$new$3
WARNING: Unable to find version of CDP to use for . You may need to include a dependency on a specific version of the CDP using something similar to `org.seleniumhq.selenium:selenium-devtools-v86:4.0.0` where the version ("v86") matches the version of the chromium-based browser you're using and the version number of the artifact is the same as Selenium's.
]]></system-err>
  </testcase>
  <testcase name="runScenario[&quot;To verify that we cannot register with an existing email&quot;, &quot;Optional[Register User with existing email functionality]&quot;](10)" classname="BDDAutomationExerciseStep.Runner" time="9.543">
    <system-err><![CDATA[1678193874042	geckodriver	INFO	Listening on 127.0.0.1:60226
1678193874062	mozrunner::runner	INFO	Running command: "C:\\Program Files\\Mozilla Firefox\\firefox.exe" "--marionette" "--remote-debugging-port" "58899" "--remote-allow-hosts" "localhost" "-no-remote" "-profile" "C:\\Users\\moham\\AppData\\Local\\Temp\\rust_mozprofilefoRdSM"
console.warn: services.settings: Ignoring preference override of remote settings server
console.warn: services.settings: Allow by setting MOZ_REMOTE_SETTINGS_DEVTOOLS=1 in the environment
1678193874510	Marionette	INFO	Marionette enabled
Dynamically enable window occlusion 0
1678193874515	Marionette	INFO	Listening on port 54691
WebDriver BiDi listening on ws://127.0.0.1:58899
Read port: 54691
1678193874748	RemoteAgent	WARN	TLS certificate errors will be ignored for this session
console.warn: SearchSettings: "get: No settings file exists, new profile?" (new NotFoundError("Could not open the file at C:\\Users\\moham\\AppData\\Local\\Temp\\rust_mozprofilefoRdSM\\search.json.mozlz4", (void 0)))
DevTools listening on ws://127.0.0.1:58899/devtools/browser/65c0d9fe-01a5-4f33-934d-d998fe9dc4e8
mars 07, 2023 1:57:56 PM org.openqa.selenium.remote.ProtocolHandshake createSession
INFO: Detected dialect: W3C
JavaScript warning: https://automationexercise.com/static/js/jquery.js, line 2: Using //@ to indicate sourceMappingURL pragmas is deprecated. Use //# instead
JavaScript warning: https://automationexercise.com/static/js/jquery.js, line 2: Using //@ to indicate sourceMappingURL pragmas is deprecated. Use //# instead
console.warn: LoginRecipes: "Falling back to a synchronous message for: https://automationexercise.com."
console.warn: LoginRecipes: "Falling back to a synchronous message for: https://automationexercise.com."
console.warn: LoginRecipes: "Falling back to a synchronous message for: https://automationexercise.com."
console.warn: LoginRecipes: "Falling back to a synchronous message for: https://automationexercise.com."
JavaScript warning: https://automationexercise.com/static/js/jquery.js, line 2: Using //@ to indicate sourceMappingURL pragmas is deprecated. Use //# instead
]]></system-err>
  </testcase>
  <testcase name="runScenario[&quot;To test the Logout feature&quot;, &quot;Optional[Testing Logout Feature]&quot;](11)" classname="BDDAutomationExerciseStep.Runner" time="22.381">
    <system-err><![CDATA[Starting ChromeDriver 110.0.5481.77 (65ed616c6e8ee3fe0ad64fe83796c020644d42af-refs/branch-heads/5481@{#839}) on port 50842
Only local connections are allowed.
Please see https://chromedriver.chromium.org/security-considerations for suggestions on keeping ChromeDriver safe.
ChromeDriver was started successfully.
[1678193884.316][WARNING]: virtual void DevToolsClientImpl::AddListener(DevToolsEventListener *) subscribing a listener to the already connected DevToolsClient. Connection notification will not arrive.
mars 07, 2023 1:58:04 PM org.openqa.selenium.remote.ProtocolHandshake createSession
INFO: Detected dialect: W3C
mars 07, 2023 1:58:04 PM org.openqa.selenium.devtools.CdpVersionFinder findNearestMatch
WARNING: Unable to find an exact match for CDP version 110, so returning the closest version found: a no-op implementation
mars 07, 2023 1:58:04 PM org.openqa.selenium.devtools.CdpVersionFinder findNearestMatch
INFO: Unable to find CDP implementation matching 110.
mars 07, 2023 1:58:04 PM org.openqa.selenium.chromium.ChromiumDriver lambda$new$3
WARNING: Unable to find version of CDP to use for . You may need to include a dependency on a specific version of the CDP using something similar to `org.seleniumhq.selenium:selenium-devtools-v86:4.0.0` where the version ("v86") matches the version of the chromium-based browser you're using and the version number of the artifact is the same as Selenium's.
mars 07, 2023 1:58:20 PM BDDAutomationExercisePage.Header <init>
INFO: A Header of connected user is instanciated
]]></system-err>
  </testcase>
  <testcase name="runScenario[&quot;To test the Logout feature&quot;, &quot;Optional[Testing Logout Feature]&quot;](12)" classname="BDDAutomationExerciseStep.Runner" time="34.15">
    <system-err><![CDATA[1678193905975	geckodriver	INFO	Listening on 127.0.0.1:64854
1678193906003	mozrunner::runner	INFO	Running command: "C:\\Program Files\\Mozilla Firefox\\firefox.exe" "--marionette" "--remote-debugging-port" "56324" "--remote-allow-hosts" "localhost" "-no-remote" "-profile" "C:\\Users\\moham\\AppData\\Local\\Temp\\rust_mozprofileTgCAmo"
console.warn: services.settings: Ignoring preference override of remote settings server
console.warn: services.settings: Allow by setting MOZ_REMOTE_SETTINGS_DEVTOOLS=1 in the environment
1678193906500	Marionette	INFO	Marionette enabled
Dynamically enable window occlusion 0
1678193906505	Marionette	INFO	Listening on port 54779
Read port: 54779
WebDriver BiDi listening on ws://127.0.0.1:56324
1678193906671	RemoteAgent	WARN	TLS certificate errors will be ignored for this session
console.warn: SearchSettings: "get: No settings file exists, new profile?" (new NotFoundError("Could not open the file at C:\\Users\\moham\\AppData\\Local\\Temp\\rust_mozprofileTgCAmo\\search.json.mozlz4", (void 0)))
DevTools listening on ws://127.0.0.1:56324/devtools/browser/b3559e39-f0dd-4afe-88a6-0448ec5396b7
mars 07, 2023 1:58:28 PM org.openqa.selenium.remote.ProtocolHandshake createSession
INFO: Detected dialect: W3C
JavaScript warning: https://automationexercise.com/static/js/jquery.js, line 2: Using //@ to indicate sourceMappingURL pragmas is deprecated. Use //# instead
JavaScript warning: https://automationexercise.com/static/js/jquery.js, line 2: Using //@ to indicate sourceMappingURL pragmas is deprecated. Use //# instead
console.warn: LoginRecipes: "Falling back to a synchronous message for: https://automationexercise.com."
console.warn: LoginRecipes: "Falling back to a synchronous message for: https://automationexercise.com."
JavaScript warning: https://automationexercise.com/static/js/jquery.js, line 2: Using //@ to indicate sourceMappingURL pragmas is deprecated. Use //# instead
mars 07, 2023 1:58:51 PM BDDAutomationExercisePage.Header <init>
INFO: A Header of connected user is instanciated
JavaScript warning: https://automationexercise.com/static/js/jquery.js, line 2: Using //@ to indicate sourceMappingURL pragmas is deprecated. Use //# instead
]]></system-err>
  </testcase>
</testsuite>