<?xml version="1.0" encoding="UTF-8"?>
<testng-results ignored="0" total="12" passed="12" failed="0" skipped="0">
  <reporter-output>
  </reporter-output>
  <suite started-at="2023-03-07T13:54:49 CET" name="Suite" finished-at="2023-03-07T13:59:00 CET" duration-ms="251388">
    <groups>
      <group name="cucumber">
        <method signature="AbstractTestNGCucumberTests.runScenario(io.cucumber.testng.PickleWrapper, io.cucumber.testng.FeatureWrapper)[pri:0, instance:BDDAutomationExerciseStep.Runner@729d991e]" name="runScenario" class="io.cucumber.testng.AbstractTestNGCucumberTests"/>
      </group> <!-- cucumber -->
    </groups>
    <test started-at="2023-03-07T13:54:49 CET" name="Test" finished-at="2023-03-07T13:59:00 CET" duration-ms="251388">
      <class name="BDDAutomationExerciseStep.Runner">
        <test-method is-config="true" signature="setUpClass()[pri:0, instance:BDDAutomationExerciseStep.Runner@729d991e]" started-at="2023-03-07T13:54:49 CET" name="setUpClass" finished-at="2023-03-07T13:54:49 CET" duration-ms="448" status="PASS">
          <reporter-output>
          </reporter-output>
        </test-method> <!-- setUpClass -->
        <test-method signature="runScenario(io.cucumber.testng.PickleWrapper, io.cucumber.testng.FeatureWrapper)[pri:0, instance:BDDAutomationExerciseStep.Runner@729d991e]" started-at="2023-03-07T13:54:49 CET" name="runScenario" description="Runs Cucumber Scenarios" data-provider="scenarios" finished-at="2023-03-07T13:55:09 CET" duration-ms="19553" status="PASS">
          <params>
            <param index="0">
              <value>
                <![CDATA["To verify the contact us form"]]>
              </value>
            </param>
            <param index="1">
              <value>
                <![CDATA["Optional[Testing Contact Us Form feature]"]]>
              </value>
            </param>
          </params>
          <reporter-output>
          </reporter-output>
        </test-method> <!-- runScenario -->
        <test-method signature="runScenario(io.cucumber.testng.PickleWrapper, io.cucumber.testng.FeatureWrapper)[pri:0, instance:BDDAutomationExerciseStep.Runner@729d991e]" started-at="2023-03-07T13:55:09 CET" name="runScenario" description="Runs Cucumber Scenarios" data-provider="scenarios" finished-at="2023-03-07T13:55:40 CET" duration-ms="31174" status="PASS">
          <params>
            <param index="0">
              <value>
                <![CDATA["To verify the contact us form"]]>
              </value>
            </param>
            <param index="1">
              <value>
                <![CDATA["Optional[Testing Contact Us Form feature]"]]>
              </value>
            </param>
          </params>
          <reporter-output>
          </reporter-output>
        </test-method> <!-- runScenario -->
        <test-method signature="runScenario(io.cucumber.testng.PickleWrapper, io.cucumber.testng.FeatureWrapper)[pri:0, instance:BDDAutomationExerciseStep.Runner@729d991e]" started-at="2023-03-07T13:55:40 CET" name="runScenario" description="Runs Cucumber Scenarios" data-provider="scenarios" finished-at="2023-03-07T13:55:58 CET" duration-ms="17719" status="PASS">
          <params>
            <param index="0">
              <value>
                <![CDATA["To verify Login functionality with valid credentials"]]>
              </value>
            </param>
            <param index="1">
              <value>
                <![CDATA["Optional[Testing Login Functionality]"]]>
              </value>
            </param>
          </params>
          <reporter-output>
          </reporter-output>
        </test-method> <!-- runScenario -->
        <test-method signature="runScenario(io.cucumber.testng.PickleWrapper, io.cucumber.testng.FeatureWrapper)[pri:0, instance:BDDAutomationExerciseStep.Runner@729d991e]" started-at="2023-03-07T13:55:58 CET" name="runScenario" description="Runs Cucumber Scenarios" data-provider="scenarios" finished-at="2023-03-07T13:56:18 CET" duration-ms="19843" status="PASS">
          <params>
            <param index="0">
              <value>
                <![CDATA["To verify Login functionality with valid credentials"]]>
              </value>
            </param>
            <param index="1">
              <value>
                <![CDATA["Optional[Testing Login Functionality]"]]>
              </value>
            </param>
          </params>
          <reporter-output>
          </reporter-output>
        </test-method> <!-- runScenario -->
        <test-method signature="runScenario(io.cucumber.testng.PickleWrapper, io.cucumber.testng.FeatureWrapper)[pri:0, instance:BDDAutomationExerciseStep.Runner@729d991e]" started-at="2023-03-07T13:56:18 CET" name="runScenario" description="Runs Cucumber Scenarios" data-provider="scenarios" finished-at="2023-03-07T13:56:35 CET" duration-ms="17659" status="PASS">
          <params>
            <param index="0">
              <value>
                <![CDATA["To verify Login functionality with invalid credentials"]]>
              </value>
            </param>
            <param index="1">
              <value>
                <![CDATA["Optional[Login With Invalid Credentials functionality]"]]>
              </value>
            </param>
          </params>
          <reporter-output>
          </reporter-output>
        </test-method> <!-- runScenario -->
        <test-method signature="runScenario(io.cucumber.testng.PickleWrapper, io.cucumber.testng.FeatureWrapper)[pri:0, instance:BDDAutomationExerciseStep.Runner@729d991e]" started-at="2023-03-07T13:56:35 CET" name="runScenario" description="Runs Cucumber Scenarios" data-provider="scenarios" finished-at="2023-03-07T13:56:44 CET" duration-ms="8485" status="PASS">
          <params>
            <param index="0">
              <value>
                <![CDATA["To verify Login functionality with invalid credentials"]]>
              </value>
            </param>
            <param index="1">
              <value>
                <![CDATA["Optional[Login With Invalid Credentials functionality]"]]>
              </value>
            </param>
          </params>
          <reporter-output>
          </reporter-output>
        </test-method> <!-- runScenario -->
        <test-method signature="runScenario(io.cucumber.testng.PickleWrapper, io.cucumber.testng.FeatureWrapper)[pri:0, instance:BDDAutomationExerciseStep.Runner@729d991e]" started-at="2023-03-07T13:56:44 CET" name="runScenario" description="Runs Cucumber Scenarios" data-provider="scenarios" finished-at="2023-03-07T13:57:16 CET" duration-ms="32475" status="PASS">
          <params>
            <param index="0">
              <value>
                <![CDATA["To verify that user is registred"]]>
              </value>
            </param>
            <param index="1">
              <value>
                <![CDATA["Optional[Registration user feature]"]]>
              </value>
            </param>
          </params>
          <reporter-output>
          </reporter-output>
        </test-method> <!-- runScenario -->
        <test-method signature="runScenario(io.cucumber.testng.PickleWrapper, io.cucumber.testng.FeatureWrapper)[pri:0, instance:BDDAutomationExerciseStep.Runner@729d991e]" started-at="2023-03-07T13:57:16 CET" name="runScenario" description="Runs Cucumber Scenarios" data-provider="scenarios" finished-at="2023-03-07T13:57:45 CET" duration-ms="29111" status="PASS">
          <params>
            <param index="0">
              <value>
                <![CDATA["To verify that user is registred"]]>
              </value>
            </param>
            <param index="1">
              <value>
                <![CDATA["Optional[Registration user feature]"]]>
              </value>
            </param>
          </params>
          <reporter-output>
          </reporter-output>
        </test-method> <!-- runScenario -->
        <test-method signature="runScenario(io.cucumber.testng.PickleWrapper, io.cucumber.testng.FeatureWrapper)[pri:0, instance:BDDAutomationExerciseStep.Runner@729d991e]" started-at="2023-03-07T13:57:45 CET" name="runScenario" description="Runs Cucumber Scenarios" data-provider="scenarios" finished-at="2023-03-07T13:57:53 CET" duration-ms="8128" status="PASS">
          <params>
            <param index="0">
              <value>
                <![CDATA["To verify that we cannot register with an existing email"]]>
              </value>
            </param>
            <param index="1">
              <value>
                <![CDATA["Optional[Register User with existing email functionality]"]]>
              </value>
            </param>
          </params>
          <reporter-output>
          </reporter-output>
        </test-method> <!-- runScenario -->
        <test-method signature="runScenario(io.cucumber.testng.PickleWrapper, io.cucumber.testng.FeatureWrapper)[pri:0, instance:BDDAutomationExerciseStep.Runner@729d991e]" started-at="2023-03-07T13:57:53 CET" name="runScenario" description="Runs Cucumber Scenarios" data-provider="scenarios" finished-at="2023-03-07T13:58:03 CET" duration-ms="9544" status="PASS">
          <params>
            <param index="0">
              <value>
                <![CDATA["To verify that we cannot register with an existing email"]]>
              </value>
            </param>
            <param index="1">
              <value>
                <![CDATA["Optional[Register User with existing email functionality]"]]>
              </value>
            </param>
          </params>
          <reporter-output>
          </reporter-output>
        </test-method> <!-- runScenario -->
        <test-method signature="runScenario(io.cucumber.testng.PickleWrapper, io.cucumber.testng.FeatureWrapper)[pri:0, instance:BDDAutomationExerciseStep.Runner@729d991e]" started-at="2023-03-07T13:58:03 CET" name="runScenario" description="Runs Cucumber Scenarios" data-provider="scenarios" finished-at="2023-03-07T13:58:25 CET" duration-ms="22381" status="PASS">
          <params>
            <param index="0">
              <value>
                <![CDATA["To test the Logout feature"]]>
              </value>
            </param>
            <param index="1">
              <value>
                <![CDATA["Optional[Testing Logout Feature]"]]>
              </value>
            </param>
          </params>
          <reporter-output>
          </reporter-output>
        </test-method> <!-- runScenario -->
        <test-method signature="runScenario(io.cucumber.testng.PickleWrapper, io.cucumber.testng.FeatureWrapper)[pri:0, instance:BDDAutomationExerciseStep.Runner@729d991e]" started-at="2023-03-07T13:58:25 CET" name="runScenario" description="Runs Cucumber Scenarios" data-provider="scenarios" finished-at="2023-03-07T13:59:00 CET" duration-ms="34149" status="PASS">
          <params>
            <param index="0">
              <value>
                <![CDATA["To test the Logout feature"]]>
              </value>
            </param>
            <param index="1">
              <value>
                <![CDATA["Optional[Testing Logout Feature]"]]>
              </value>
            </param>
          </params>
          <reporter-output>
          </reporter-output>
        </test-method> <!-- runScenario -->
        <test-method is-config="true" signature="tearDownClass()[pri:0, instance:BDDAutomationExerciseStep.Runner@729d991e]" started-at="2023-03-07T13:59:00 CET" name="tearDownClass" finished-at="2023-03-07T13:59:00 CET" duration-ms="694" status="PASS">
          <reporter-output>
          </reporter-output>
        </test-method> <!-- tearDownClass -->
      </class> <!-- BDDAutomationExerciseStep.Runner -->
    </test> <!-- Test -->
  </suite> <!-- Suite -->
</testng-results>
