<?xml version="1.0" encoding="UTF-8"?>
<testng-results ignored="0" total="1" passed="0" failed="1" skipped="0">
  <reporter-output>
  </reporter-output>
  <suite started-at="2023-03-10T18:29:15 CET" name="Default suite" finished-at="2023-03-10T18:29:18 CET" duration-ms="3857">
    <groups>
      <group name="cucumber">
        <method signature="AbstractTestNGCucumberTests.runScenario(io.cucumber.testng.PickleWrapper, io.cucumber.testng.FeatureWrapper)[pri:0, instance:BDDAutomationExerciseStep.Runner@3527942a]" name="runScenario" class="io.cucumber.testng.AbstractTestNGCucumberTests"/>
      </group> <!-- cucumber -->
    </groups>
    <test started-at="2023-03-10T18:29:15 CET" name="Default test" finished-at="2023-03-10T18:29:18 CET" duration-ms="3857">
      <class name="BDDAutomationExerciseStep.Runner">
        <test-method is-config="true" signature="setUpClass()[pri:0, instance:BDDAutomationExerciseStep.Runner@3527942a]" started-at="2023-03-10T18:29:15 CET" name="setUpClass" finished-at="2023-03-10T18:29:15 CET" duration-ms="528" status="PASS">
          <reporter-output>
          </reporter-output>
        </test-method> <!-- setUpClass -->
        <test-method signature="runScenario(io.cucumber.testng.PickleWrapper, io.cucumber.testng.FeatureWrapper)[pri:0, instance:BDDAutomationExerciseStep.Runner@3527942a]" started-at="2023-03-10T18:29:15 CET" name="runScenario" description="Runs Cucumber Scenarios" data-provider="scenarios" finished-at="2023-03-10T18:29:18 CET" duration-ms="2986" status="FAIL">
          <params>
            <param index="0">
              <value>
                <![CDATA["Verify the functionality add product in cart"]]>
              </value>
            </param>
            <param index="1">
              <value>
                <![CDATA["Optional[Add Products In Cart Feature12]"]]>
              </value>
            </param>
          </params>
          <exception class="org.openqa.selenium.remote.http.ConnectionFailedException">
            <message>
              <![CDATA[Unable to establish websocket connection to http://localhost:61436/devtools/browser/af483493-3ac0-441a-bffb-4ad323ed5683
Build info: version: '4.0.0', revision: '3a21814679'
System info: host: 'MOHAMEDALI', ip: '192.168.1.114', os.name: 'Windows 11', os.arch: 'amd64', os.version: '10.0', java.version: '11.0.16.1'
Driver info: driver.version: ChromeDriver]]>
            </message>
            <full-stacktrace>
              <![CDATA[org.openqa.selenium.remote.http.ConnectionFailedException: Unable to establish websocket connection to http://localhost:61436/devtools/browser/af483493-3ac0-441a-bffb-4ad323ed5683
Build info: version: '4.0.0', revision: '3a21814679'
System info: host: 'MOHAMEDALI', ip: '192.168.1.114', os.name: 'Windows 11', os.arch: 'amd64', os.version: '10.0', java.version: '11.0.16.1'
Driver info: driver.version: ChromeDriver
at org.openqa.selenium.remote.http.netty.NettyWebSocket.<init>(NettyWebSocket.java:104)
at org.openqa.selenium.remote.http.netty.NettyWebSocket.lambda$create$3(NettyWebSocket.java:137)
at org.openqa.selenium.remote.http.netty.NettyClient.openSocket(NettyClient.java:127)
at org.openqa.selenium.devtools.Connection.<init>(Connection.java:77)
at org.openqa.selenium.chromium.ChromiumDriver.lambda$new$2(ChromiumDriver.java:124)
at java.base/java.util.Optional.map(Optional.java:265)
at org.openqa.selenium.chromium.ChromiumDriver.<init>(ChromiumDriver.java:122)
at org.openqa.selenium.chrome.ChromeDriver.<init>(ChromeDriver.java:104)
at org.openqa.selenium.chrome.ChromeDriver.<init>(ChromeDriver.java:91)
at org.openqa.selenium.chrome.ChromeDriver.<init>(ChromeDriver.java:46)
at BDDAutomationExercisePage.Browser.getDriver(Browser.java:28)
at BDDAutomationExercisePage.BasePage.lauchBrowser(BasePage.java:34)
at BDDAutomationExerciseStep.RegisterUserSteps.user_opens_his_browser_from_through(RegisterUserSteps.java:28)
at ✽.user opens his browser from "Feuil1" through 0(file:///C:/Users/moham/eclipse-workspace/BDDAutomationExerciseProject/src/test/resources/features/AddProductsInCartFeature12.feature:6)
]]>
            </full-stacktrace>
          </exception> <!-- org.openqa.selenium.remote.http.ConnectionFailedException -->
          <reporter-output>
          </reporter-output>
        </test-method> <!-- runScenario -->
        <test-method is-config="true" signature="tearDownClass()[pri:0, instance:BDDAutomationExerciseStep.Runner@3527942a]" started-at="2023-03-10T18:29:18 CET" name="tearDownClass" finished-at="2023-03-10T18:29:18 CET" duration-ms="308" status="PASS">
          <reporter-output>
          </reporter-output>
        </test-method> <!-- tearDownClass -->
      </class> <!-- BDDAutomationExerciseStep.Runner -->
    </test> <!-- Default test -->
  </suite> <!-- Default suite -->
</testng-results>
